Arguments: 
  /home/aaa/.nvm/versions/node/v20.0.0/bin/node /usr/local/bin/yarn add ntdqm

PATH: 
  /home/aaa/.local/bin:/home/aaa/.local/bin:/home/aaa/.nvm/versions/node/v20.0.0/bin:/usr/local/sbin:/usr/local/bin:/usr/sbin:/usr/bin:/sbin:/bin:/usr/games:/usr/local/games:/snap/bin:~/bin:~/nh/install/games:~/.yarn/bin:~/.local/bin:~/bin:~/nh/install/games:~/.yarn/bin:~/.local/bin

Yarn version: 
  1.22.19

Node version: 
  20.0.0

Platform: 
  linux x64

Trace: 
  Error: https://registry.yarnpkg.com/ntdqm: Not found
      at params.callback [as _callback] (/usr/local/lib/node_modules/yarn/lib/cli.js:66145:18)
      at self.callback (/usr/local/lib/node_modules/yarn/lib/cli.js:140890:22)
      at Request.emit (node:events:511:28)
      at Request.<anonymous> (/usr/local/lib/node_modules/yarn/lib/cli.js:141862:10)
      at Request.emit (node:events:511:28)
      at IncomingMessage.<anonymous> (/usr/local/lib/node_modules/yarn/lib/cli.js:141784:12)
      at Object.onceWrapper (node:events:625:28)
      at IncomingMessage.emit (node:events:523:35)
      at endReadableNT (node:internal/streams/readable:1367:12)
      at process.processTicksAndRejections (node:internal/process/task_queues:82:21)

npm manifest: 
  {
    "name": "indexer",
    "version": "1.0.0",
    "main": "main.mjs",
    "license": "MIT",
    "dependencies": {
      "elasticlunr": "^0.9.5"
    }
  }

yarn manifest: 
  No manifest

Lockfile: 
  # THIS IS AN AUTOGENERATED FILE. DO NOT EDIT THIS FILE DIRECTLY.
  # yarn lockfile v1
  
  
  elasticlunr@^0.9.5:
    version "0.9.5"
    resolved "https://registry.yarnpkg.com/elasticlunr/-/elasticlunr-0.9.5.tgz#65541bb309dddd0cf94f2d1c8861b2be651bb0d5"
    integrity sha512-5YM9LFQgVYfuLNEoqMqVWIBuF2UNCA+xu/jz1TyryLN/wmBcQSb+GNAwvLKvEpGESwgGN8XA1nbLAt6rKlyHYQ==
